<?xml version="1.0" encoding="UTF-8"?>
<testsuite name="Sumar" tests="1" skipped="0" failures="0" errors="0" timestamp="2021-03-24T06:33:28" hostname="DESKTOP-I9SOFN8" time="0.202">
  <properties/>
  <testcase name="Sumar 2 números enteros" classname="Sumar" time="0.202"/>
  <system-out><![CDATA[]]></system-out>
  <system-err><![CDATA[[Test worker] INFO net.thucydides.core.steps.ConsoleLoggingListener - 
        __    _____ _____ ____ _____   ____   _    ____  ____  _____ ____  
  _     \ \  |_   _| ____/ ___|_   _| |  _ \ / \  / ___|/ ___|| ____|  _ \ 
 (_)_____| |   | | |  _| \___ \ | |   | |_) / _ \ \___ \\___ \|  _| | | | |
  _|_____| |   | | | |___ ___) || |   |  __/ ___ \ ___) |___) | |___| |_| |
 (_)     | |   |_| |_____|____/ |_|   |_| /_/   \_\____/|____/|_____|____/ 
        /_/                                                                

TEST PASSED: Sumar 2 números enteros
----------------------------------------------------------------------------
]]></system-err>
</testsuite>
